<?xml version="1.0" encoding="utf-8"?><testsuites name="pytest tests"><testsuite name="pytest" errors="0" failures="0" skipped="0" tests="6" time="3.222" timestamp="2026-07-25T14:19:08.128004+00:00" hostname="agent-env-995ea9c9-8b03-4a81-b25a-c6be535a3903"><testcase classname="tests.test_avatar" name="test_upload_avatar_success" time="0.928" /><testcase classname="tests.test_avatar" name="test_me_returns_avatar" time="0.137" /><testcase classname="tests.test_avatar" name="test_login_includes_avatar" time="0.724" /><testcase classname="tests.test_avatar" name="test_clear_avatar" time="0.235" /><testcase classname="tests.test_avatar" name="test_no_auth_returns_401" time="0.131" /><testcase classname="tests.test_avatar" name="test_too_large_returns_413" time="0.307" /></testsuite></testsuites>