<?xml version="1.0" encoding="utf-8"?><testsuites name="pytest tests"><testsuite name="pytest" errors="0" failures="0" skipped="0" tests="8" time="2.511" timestamp="2026-07-25T13:53:02.353384+00:00" hostname="agent-env-995ea9c9-8b03-4a81-b25a-c6be535a3903"><testcase classname="tests.test_kmz_mappings.TestKMZMappings" name="test_create_mapping" time="0.624" /><testcase classname="tests.test_kmz_mappings.TestKMZMappings" name="test_get_list_pagination" time="0.131" /><testcase classname="tests.test_kmz_mappings.TestKMZMappings" name="test_add_file" time="0.142" /><testcase classname="tests.test_kmz_mappings.TestKMZMappings" name="test_add_second_file_and_delete" time="0.256" /><testcase classname="tests.test_kmz_mappings.TestKMZMappings" name="test_viewer_cannot_write" time="0.445" /><testcase classname="tests.test_kmz_mappings.TestKMZMappings" name="test_viewer_can_read" time="0.097" /><testcase classname="tests.test_kmz_mappings.TestKMZMappings" name="test_delete_mapping" time="0.191" /><testcase classname="tests.test_kmz_mappings.TestKMZMappings" name="test_counts_include_kmz" time="0.158" /></testsuite></testsuites>