<?xml version="1.0" encoding="utf-8"?><testsuites name="pytest tests"><testsuite name="pytest" errors="0" failures="0" skipped="0" tests="10" time="12.388" timestamp="2026-07-25T13:13:47.914227+00:00" hostname="agent-env-995ea9c9-8b03-4a81-b25a-c6be535a3903"><testcase classname="tests.test_network_mikrotik.TestRouterCRUD" name="test_list_requires_auth" time="0.397" /><testcase classname="tests.test_network_mikrotik.TestRouterCRUD" name="test_list_ok" time="0.469" /><testcase classname="tests.test_network_mikrotik.TestTestConnection" name="test_test_unreachable_host_returns_200_with_clean_error" time="10.825" /><testcase classname="tests.test_network_mikrotik.TestRouterCRUD" name="test_create_router_defaults_reflected" time="0.135" /><testcase classname="tests.test_network_mikrotik.TestRouterCRUD" name="test_get_router_persists" time="0.094" /><testcase classname="tests.test_network_mikrotik.TestRouterCRUD" name="test_update_router" time="0.117" /><testcase classname="tests.test_network_mikrotik.TestSyncNow" name="test_sync_unreachable_returns_ok_false" time="10.140" /><testcase classname="tests.test_network_mikrotik.TestTestConnection" name="test_test_persists_last_error" time="0.157" /><testcase classname="tests.test_network_mikrotik.TestTestConnection" name="test_test_localhost_refused" time="0.460" /><testcase classname="tests.test_network_mikrotik.TestRoleGuards" name="test_viewer_cannot_create" time="0.538" /></testsuite></testsuites>